<?xml version="1.0" encoding="UTF-8"?>
<!-- Generated by org.testng.reporters.JUnitReportReporter -->
<testsuite hostname="DESKTOP-90LP3GB" failures="0" tests="1" name="com.testpackage.PLPTestPage" time="142.831" errors="0" timestamp="2024-09-19T00:24:17 IST" skipped="0">
  <testcase classname="com.testpackage.PLPTestPage" name="PLP" time="142.831"/>
  <system-out/>
</testsuite> <!-- com.testpackage.PLPTestPage -->
