<?xml version="1.0" encoding="UTF-8"?>
<!-- Generated by org.testng.reporters.JUnitReportReporter -->
<testsuite hostname="DESKTOP-90LP3GB" failures="0" tests="2" name="com.testpackage.Homepage" time="32.060" errors="0" timestamp="2024-09-18T18:02:47 IST" skipped="0">
  <testcase classname="com.testpackage.Homepage" name="RegionTest" time="9.562"/>
  <system-out/>
  <testcase classname="com.testpackage.Homepage" name="Login" time="22.498"/>
  <system-out/>
</testsuite> <!-- com.testpackage.Homepage -->
